0 info it worked if it ends with ok
1 verbose cli [ '/usr/local/bin/node',
1 verbose cli   '/usr/local/bin/npm',
1 verbose cli   'run',
1 verbose cli   'typings',
1 verbose cli   '--',
1 verbose cli   'install',
1 verbose cli   'dt~core-js',
1 verbose cli   '--save',
1 verbose cli   '-global' ]
2 info using npm@3.10.9
3 info using node@v6.9.2
4 verbose run-script [ 'pretypings', 'typings', 'posttypings' ]
5 info lifecycle todo@1.0.0~pretypings: todo@1.0.0
6 silly lifecycle todo@1.0.0~pretypings: no script for pretypings, continuing
7 info lifecycle todo@1.0.0~typings: todo@1.0.0
8 verbose lifecycle todo@1.0.0~typings: unsafe-perm in lifecycle true
9 verbose lifecycle todo@1.0.0~typings: PATH: /usr/local/lib/node_modules/npm/bin/node-gyp-bin:/Users/pearpages/code/learning/pro-angular2-adam-freeman/todo/node_modules/.bin:/Library/Frameworks/Python.framework/Versions/3.6/bin:/Users/pearpages/.rbenv/shims:/usr/local/bin:/usr/bin:/bin:/usr/sbin:/sbin:/Library/Frameworks/Python.framework/Versions/3.6/bin:/Users/pearpages/.rbenv/shims
10 verbose lifecycle todo@1.0.0~typings: CWD: /Users/pearpages/code/learning/pro-angular2-adam-freeman/todo
11 silly lifecycle todo@1.0.0~typings: Args: [ '-c', 'typings "install" "dt~core-js" "--save" "-global"' ]
12 silly lifecycle todo@1.0.0~typings: Returned: code: 1  signal: null
13 info lifecycle todo@1.0.0~typings: Failed to exec typings script
14 verbose stack Error: todo@1.0.0 typings: `typings "install" "dt~core-js" "--save" "-global"`
14 verbose stack Exit status 1
14 verbose stack     at EventEmitter.<anonymous> (/usr/local/lib/node_modules/npm/lib/utils/lifecycle.js:255:16)
14 verbose stack     at emitTwo (events.js:106:13)
14 verbose stack     at EventEmitter.emit (events.js:191:7)
14 verbose stack     at ChildProcess.<anonymous> (/usr/local/lib/node_modules/npm/lib/utils/spawn.js:40:14)
14 verbose stack     at emitTwo (events.js:106:13)
14 verbose stack     at ChildProcess.emit (events.js:191:7)
14 verbose stack     at maybeClose (internal/child_process.js:877:16)
14 verbose stack     at Process.ChildProcess._handle.onexit (internal/child_process.js:226:5)
15 verbose pkgid todo@1.0.0
16 verbose cwd /Users/pearpages/code/learning/pro-angular2-adam-freeman/todo
17 error Darwin 16.6.0
18 error argv "/usr/local/bin/node" "/usr/local/bin/npm" "run" "typings" "--" "install" "dt~core-js" "--save" "-global"
19 error node v6.9.2
20 error npm  v3.10.9
21 error code ELIFECYCLE
22 error todo@1.0.0 typings: `typings "install" "dt~core-js" "--save" "-global"`
22 error Exit status 1
23 error Failed at the todo@1.0.0 typings script 'typings "install" "dt~core-js" "--save" "-global"'.
23 error Make sure you have the latest version of node.js and npm installed.
23 error If you do, this is most likely a problem with the todo package,
23 error not with npm itself.
23 error Tell the author that this fails on your system:
23 error     typings "install" "dt~core-js" "--save" "-global"
23 error You can get information on how to open an issue for this project with:
23 error     npm bugs todo
23 error Or if that isn't available, you can get their info via:
23 error     npm owner ls todo
23 error There is likely additional logging output above.
24 verbose exit [ 1, true ]
